# JRE version: OpenJDK Runtime Environment Temurin-17.0.9+9 (17.0.9+9) (build 17.0.9+9)
# Java VM: OpenJDK 64-Bit Server VM Temurin-17.0.9+9 (17.0.9+9, mixed mode, tiered, compressed oops, compressed class ptrs, parallel gc, windows-amd64)
GC Precious Log:
 CPUs: 12 total, 12 available
 Memory: 5996M
 Large Page Support: Disabled
 NUMA Support: Disabled
 Compressed Oops: Enabled (32-bit)
 Alignments: Space 512K, Generation 512K, Heap 2M
 Heap Min Capacity: 100M
 Heap Initial Capacity: 100M
 Heap Max Capacity: 1G
 Pre-touch: Disabled
 Parallel Workers: 10
Heap:
 PSYoungGen      total 9728K, used 3770K [0x00000000eab00000, 0x00000000eb600000, 0x0000000100000000)
  eden space 7680K, 39% used [0x00000000eab00000,0x00000000eadf6b58,0x00000000eb280000)
  from space 2048K, 35% used [0x00000000eb280000,0x00000000eb338000,0x00000000eb480000)
  to   space 1024K, 0% used [0x00000000eb500000,0x00000000eb500000,0x00000000eb600000)
 ParOldGen       total 238080K, used 201519K [0x00000000c0000000, 0x00000000ce880000, 0x00000000eab00000)
  object space 238080K, 84% used [0x00000000c0000000,0x00000000cc4cbdc8,0x00000000ce880000)
 Metaspace       used 71119K, committed 72512K, reserved 1114112K
  class space    used 8558K, committed 9216K, reserved 1048576K
GC Heap History (20 events):
Event: 186.791 GC heap before
{Heap before GC invocations=422 (full 15):
 PSYoungGen      total 5632K, used 5296K [0x00000000eab00000, 0x00000000eb900000, 0x0000000100000000)
  eden space 1536K, 100% used [0x00000000eab00000,0x00000000eac80000,0x00000000eac80000)
  from space 4096K, 91% used [0x00000000ead80000,0x00000000eb12c000,0x00000000eb180000)
  to   space 5632K, 0% used [0x00000000eb380000,0x00000000eb380000,0x00000000eb900000)
 ParOldGen       total 220672K, used 205345K [0x00000000c0000000, 0x00000000cd780000, 0x00000000eab00000)
  object space 220672K, 93% used [0x00000000c0000000,0x00000000cc888788,0x00000000cd780000)
 Metaspace       used 70820K, committed 72192K, reserved 1114112K
  class space    used 8526K, committed 9152K, reserved 1048576K
}
Event: 186.796 GC heap after
{Heap after GC invocations=422 (full 15):
 PSYoungGen      total 3584K, used 1184K [0x00000000eab00000, 0x00000000eb500000, 0x0000000100000000)
  eden space 2048K, 0% used [0x00000000eab00000,0x00000000eab00000,0x00000000ead00000)
  from space 1536K, 77% used [0x00000000eb380000,0x00000000eb4a8000,0x00000000eb500000)
  to   space 2560K, 0% used [0x00000000eb000000,0x00000000eb000000,0x00000000eb280000)
 ParOldGen       total 220672K, used 208577K [0x00000000c0000000, 0x00000000cd780000, 0x00000000eab00000)
  object space 220672K, 94% used [0x00000000c0000000,0x00000000ccbb0788,0x00000000cd780000)
 Metaspace       used 70820K, committed 72192K, reserved 1114112K
  class space    used 8526K, committed 9152K, reserved 1048576K
}
Event: 186.843 GC heap before
{Heap before GC invocations=423 (full 15):
 PSYoungGen      total 3584K, used 3232K [0x00000000eab00000, 0x00000000eb500000, 0x0000000100000000)
  eden space 2048K, 100% used [0x00000000eab00000,0x00000000ead00000,0x00000000ead00000)
  from space 1536K, 77% used [0x00000000eb380000,0x00000000eb4a8000,0x00000000eb500000)
  to   space 2560K, 0% used [0x00000000eb000000,0x00000000eb000000,0x00000000eb280000)
 ParOldGen       total 220672K, used 208577K [0x00000000c0000000, 0x00000000cd780000, 0x00000000eab00000)
  object space 220672K, 94% used [0x00000000c0000000,0x00000000ccbb0788,0x00000000cd780000)
 Metaspace       used 70823K, committed 72192K, reserved 1114112K
  class space    used 8526K, committed 9152K, reserved 1048576K
}
Event: 186.852 GC heap after
{Heap after GC invocations=423 (full 15):
 PSYoungGen      total 5120K, used 1408K [0x00000000eab00000, 0x00000000eb400000, 0x0000000100000000)
  eden space 2560K, 0% used [0x00000000eab00000,0x00000000eab00000,0x00000000ead80000)
  from space 2560K, 55% used [0x00000000eb000000,0x00000000eb160000,0x00000000eb280000)
  to   space 1536K, 0% used [0x00000000eb280000,0x00000000eb280000,0x00000000eb400000)
 ParOldGen       total 220672K, used 208705K [0x00000000c0000000, 0x00000000cd780000, 0x00000000eab00000)
  object space 220672K, 94% used [0x00000000c0000000,0x00000000ccbd0788,0x00000000cd780000)
 Metaspace       used 70823K, committed 72192K, reserved 1114112K
  class space    used 8526K, committed 9152K, reserved 1048576K
}
Event: 186.915 GC heap before
{Heap before GC invocations=424 (full 15):
 PSYoungGen      total 5120K, used 3968K [0x00000000eab00000, 0x00000000eb400000, 0x0000000100000000)
  eden space 2560K, 100% used [0x00000000eab00000,0x00000000ead80000,0x00000000ead80000)
  from space 2560K, 55% used [0x00000000eb000000,0x00000000eb160000,0x00000000eb280000)
  to   space 1536K, 0% used [0x00000000eb280000,0x00000000eb280000,0x00000000eb400000)
 ParOldGen       total 220672K, used 208705K [0x00000000c0000000, 0x00000000cd780000, 0x00000000eab00000)
  object space 220672K, 94% used [0x00000000c0000000,0x00000000ccbd0788,0x00000000cd780000)
 Metaspace       used 70823K, committed 72192K, reserved 1114112K
  class space    used 8526K, committed 9152K, reserved 1048576K
}
Event: 186.923 GC heap after
{Heap after GC invocations=424 (full 15):
 PSYoungGen      total 4096K, used 1144K [0x00000000eab00000, 0x00000000eb400000, 0x0000000100000000)
  eden space 2560K, 0% used [0x00000000eab00000,0x00000000eab00000,0x00000000ead80000)
  from space 1536K, 74% used [0x00000000eb280000,0x00000000eb39e300,0x00000000eb400000)
  to   space 1536K, 0% used [0x00000000eb100000,0x00000000eb100000,0x00000000eb280000)
 ParOldGen       total 220672K, used 209713K [0x00000000c0000000, 0x00000000cd780000, 0x00000000eab00000)
  object space 220672K, 95% used [0x00000000c0000000,0x00000000ccccc788,0x00000000cd780000)
 Metaspace       used 70823K, committed 72192K, reserved 1114112K
  class space    used 8526K, committed 9152K, reserved 1048576K
}
Event: 186.929 GC heap before
{Heap before GC invocations=425 (full 15):
 PSYoungGen      total 4096K, used 3704K [0x00000000eab00000, 0x00000000eb400000, 0x0000000100000000)
  eden space 2560K, 100% used [0x00000000eab00000,0x00000000ead80000,0x00000000ead80000)
  from space 1536K, 74% used [0x00000000eb280000,0x00000000eb39e300,0x00000000eb400000)
  to   space 1536K, 0% used [0x00000000eb100000,0x00000000eb100000,0x00000000eb280000)
 ParOldGen       total 220672K, used 209713K [0x00000000c0000000, 0x00000000cd780000, 0x00000000eab00000)
  object space 220672K, 95% used [0x00000000c0000000,0x00000000ccccc788,0x00000000cd780000)
 Metaspace       used 70823K, committed 72192K, reserved 1114112K
  class space    used 8526K, committed 9152K, reserved 1048576K
}
Event: 186.933 GC heap after
{Heap after GC invocations=425 (full 15):
 PSYoungGen      total 4608K, used 1536K [0x00000000eab00000, 0x00000000eb600000, 0x0000000100000000)
  eden space 3072K, 0% used [0x00000000eab00000,0x00000000eab00000,0x00000000eae00000)
  from space 1536K, 100% used [0x00000000eb100000,0x00000000eb280000,0x00000000eb280000)
  to   space 3584K, 0% used [0x00000000eb280000,0x00000000eb280000,0x00000000eb600000)
 ParOldGen       total 220672K, used 211530K [0x00000000c0000000, 0x00000000cd780000, 0x00000000eab00000)
  object space 220672K, 95% used [0x00000000c0000000,0x00000000cce92a88,0x00000000cd780000)
 Metaspace       used 70823K, committed 72192K, reserved 1114112K
  class space    used 8526K, committed 9152K, reserved 1048576K
}
Event: 186.943 GC heap before
{Heap before GC invocations=426 (full 15):
 PSYoungGen      total 4608K, used 4608K [0x00000000eab00000, 0x00000000eb600000, 0x0000000100000000)
  eden space 3072K, 100% used [0x00000000eab00000,0x00000000eae00000,0x00000000eae00000)
  from space 1536K, 100% used [0x00000000eb100000,0x00000000eb280000,0x00000000eb280000)
  to   space 3584K, 0% used [0x00000000eb280000,0x00000000eb280000,0x00000000eb600000)
 ParOldGen       total 220672K, used 211530K [0x00000000c0000000, 0x00000000cd780000, 0x00000000eab00000)
  object space 220672K, 95% used [0x00000000c0000000,0x00000000cce92a88,0x00000000cd780000)
 Metaspace       used 70823K, committed 72192K, reserved 1114112K
  class space    used 8526K, committed 9152K, reserved 1048576K
}
Event: 186.948 GC heap after
{Heap after GC invocations=426 (full 15):
 PSYoungGen      total 7168K, used 2784K [0x00000000eab00000, 0x00000000eb580000, 0x0000000100000000)
  eden space 4096K, 0% used [0x00000000eab00000,0x00000000eab00000,0x00000000eaf00000)
  from space 3072K, 90% used [0x00000000eb280000,0x00000000eb538000,0x00000000eb580000)
  to   space 3072K, 0% used [0x00000000eaf80000,0x00000000eaf80000,0x00000000eb280000)
 ParOldGen       total 220672K, used 213058K [0x00000000c0000000, 0x00000000cd780000, 0x00000000eab00000)
  object space 220672K, 96% used [0x00000000c0000000,0x00000000cd010a88,0x00000000cd780000)
 Metaspace       used 70823K, committed 72192K, reserved 1114112K
  class space    used 8526K, committed 9152K, reserved 1048576K
}
Event: 186.962 GC heap before
{Heap before GC invocations=427 (full 15):
 PSYoungGen      total 7168K, used 6437K [0x00000000eab00000, 0x00000000eb580000, 0x0000000100000000)
  eden space 4096K, 89% used [0x00000000eab00000,0x00000000eae91470,0x00000000eaf00000)
  from space 3072K, 90% used [0x00000000eb280000,0x00000000eb538000,0x00000000eb580000)
  to   space 3072K, 0% used [0x00000000eaf80000,0x00000000eaf80000,0x00000000eb280000)
 ParOldGen       total 220672K, used 213058K [0x00000000c0000000, 0x00000000cd780000, 0x00000000eab00000)
  object space 220672K, 96% used [0x00000000c0000000,0x00000000cd010a88,0x00000000cd780000)
 Metaspace       used 70823K, committed 72192K, reserved 1114112K
  class space    used 8526K, committed 9152K, reserved 1048576K
}
Event: 186.970 GC heap after
{Heap after GC invocations=427 (full 15):
 PSYoungGen      total 7680K, used 3072K [0x00000000eab00000, 0x00000000ebd00000, 0x0000000100000000)
  eden space 4608K, 0% used [0x00000000eab00000,0x00000000eab00000,0x00000000eaf80000)
  from space 3072K, 100% used [0x00000000eaf80000,0x00000000eb280000,0x00000000eb280000)
  to   space 6656K, 0% used [0x00000000eb680000,0x00000000eb680000,0x00000000ebd00000)
 ParOldGen       total 220672K, used 215866K [0x00000000c0000000, 0x00000000cd780000, 0x00000000eab00000)
  object space 220672K, 97% used [0x00000000c0000000,0x00000000cd2cea88,0x00000000cd780000)
 Metaspace       used 70823K, committed 72192K, reserved 1114112K
  class space    used 8526K, committed 9152K, reserved 1048576K
}
Event: 187.051 GC heap before
{Heap before GC invocations=428 (full 15):
 PSYoungGen      total 7680K, used 7104K [0x00000000eab00000, 0x00000000ebd00000, 0x0000000100000000)
  eden space 4608K, 87% used [0x00000000eab00000,0x00000000eaef0028,0x00000000eaf80000)
  from space 3072K, 100% used [0x00000000eaf80000,0x00000000eb280000,0x00000000eb280000)
  to   space 6656K, 0% used [0x00000000eb680000,0x00000000eb680000,0x00000000ebd00000)
 ParOldGen       total 220672K, used 216874K [0x00000000c0000000, 0x00000000cd780000, 0x00000000eab00000)
  object space 220672K, 98% used [0x00000000c0000000,0x00000000cd3caa88,0x00000000cd780000)
 Metaspace       used 70868K, committed 72256K, reserved 1114112K
  class space    used 8536K, committed 9216K, reserved 1048576K
}
Event: 187.065 GC heap after
{Heap after GC invocations=428 (full 15):
 PSYoungGen      total 8704K, used 3104K [0x00000000eab00000, 0x00000000eba00000, 0x0000000100000000)
  eden space 5120K, 0% used [0x00000000eab00000,0x00000000eab00000,0x00000000eb000000)
  from space 3584K, 86% used [0x00000000eb680000,0x00000000eb988000,0x00000000eba00000)
  to   space 4608K, 0% used [0x00000000eb100000,0x00000000eb100000,0x00000000eb580000)
 ParOldGen       total 220672K, used 219970K [0x00000000c0000000, 0x00000000cd780000, 0x00000000eab00000)
  object space 220672K, 99% used [0x00000000c0000000,0x00000000cd6d0a88,0x00000000cd780000)
 Metaspace       used 70868K, committed 72256K, reserved 1114112K
  class space    used 8536K, committed 9216K, reserved 1048576K
}
Event: 187.065 GC heap before
{Heap before GC invocations=429 (full 16):
 PSYoungGen      total 8704K, used 3104K [0x00000000eab00000, 0x00000000eba00000, 0x0000000100000000)
  eden space 5120K, 0% used [0x00000000eab00000,0x00000000eab00000,0x00000000eb000000)
  from space 3584K, 86% used [0x00000000eb680000,0x00000000eb988000,0x00000000eba00000)
  to   space 4608K, 0% used [0x00000000eb100000,0x00000000eb100000,0x00000000eb580000)
 ParOldGen       total 220672K, used 219970K [0x00000000c0000000, 0x00000000cd780000, 0x00000000eab00000)
  object space 220672K, 99% used [0x00000000c0000000,0x00000000cd6d0a88,0x00000000cd780000)
 Metaspace       used 70868K, committed 72256K, reserved 1114112K
  class space    used 8536K, committed 9216K, reserved 1048576K
}
Event: 187.175 GC heap after
{Heap after GC invocations=429 (full 16):
 PSYoungGen      total 10752K, used 0K [0x00000000eab00000, 0x00000000eba00000, 0x0000000100000000)
  eden space 6144K, 0% used [0x00000000eab00000,0x00000000eab00000,0x00000000eb100000)
  from space 4608K, 0% used [0x00000000eb100000,0x00000000eb100000,0x00000000eb580000)
  to   space 4608K, 0% used [0x00000000eb580000,0x00000000eb580000,0x00000000eba00000)
 ParOldGen       total 238080K, used 201212K [0x00000000c0000000, 0x00000000ce880000, 0x00000000eab00000)
  object space 238080K, 84% used [0x00000000c0000000,0x00000000cc47f298,0x00000000ce880000)
 Metaspace       used 70868K, committed 72256K, reserved 1114112K
  class space    used 8536K, committed 9216K, reserved 1048576K
}
Event: 187.291 GC heap before
{Heap before GC invocations=430 (full 16):
 PSYoungGen      total 10752K, used 6144K [0x00000000eab00000, 0x00000000eba00000, 0x0000000100000000)
  eden space 6144K, 100% used [0x00000000eab00000,0x00000000eb100000,0x00000000eb100000)
  from space 4608K, 0% used [0x00000000eb100000,0x00000000eb100000,0x00000000eb580000)
  to   space 4608K, 0% used [0x00000000eb580000,0x00000000eb580000,0x00000000eba00000)
 ParOldGen       total 238080K, used 201215K [0x00000000c0000000, 0x00000000ce880000, 0x00000000eab00000)
  object space 238080K, 84% used [0x00000000c0000000,0x00000000cc47fdb8,0x00000000ce880000)
 Metaspace       used 70881K, committed 72256K, reserved 1114112K
  class space    used 8536K, committed 9216K, reserved 1048576K
}
Event: 187.293 GC heap after
{Heap after GC invocations=430 (full 16):
 PSYoungGen      total 8704K, used 544K [0x00000000eab00000, 0x00000000eb680000, 0x0000000100000000)
  eden space 7680K, 0% used [0x00000000eab00000,0x00000000eab00000,0x00000000eb280000)
  from space 1024K, 53% used [0x00000000eb580000,0x00000000eb608000,0x00000000eb680000)
  to   space 2048K, 0% used [0x00000000eb280000,0x00000000eb280000,0x00000000eb480000)
 ParOldGen       total 238080K, used 201223K [0x00000000c0000000, 0x00000000ce880000, 0x00000000eab00000)
  object space 238080K, 84% used [0x00000000c0000000,0x00000000cc481db8,0x00000000ce880000)
 Metaspace       used 70881K, committed 72256K, reserved 1114112K
  class space    used 8536K, committed 9216K, reserved 1048576K
}
Event: 187.553 GC heap before
{Heap before GC invocations=431 (full 16):
 PSYoungGen      total 8704K, used 8223K [0x00000000eab00000, 0x00000000eb680000, 0x0000000100000000)
  eden space 7680K, 99% used [0x00000000eab00000,0x00000000eb27fff0,0x00000000eb280000)
  from space 1024K, 53% used [0x00000000eb580000,0x00000000eb608000,0x00000000eb680000)
  to   space 2048K, 0% used [0x00000000eb280000,0x00000000eb280000,0x00000000eb480000)
 ParOldGen       total 238080K, used 201223K [0x00000000c0000000, 0x00000000ce880000, 0x00000000eab00000)
  object space 238080K, 84% used [0x00000000c0000000,0x00000000cc481db8,0x00000000ce880000)
 Metaspace       used 71117K, committed 72512K, reserved 1114112K
  class space    used 8558K, committed 9216K, reserved 1048576K
}
Event: 187.555 GC heap after
{Heap after GC invocations=431 (full 16):
 PSYoungGen      total 9728K, used 736K [0x00000000eab00000, 0x00000000eb600000, 0x0000000100000000)
  eden space 7680K, 0% used [0x00000000eab00000,0x00000000eab00000,0x00000000eb280000)
  from space 2048K, 35% used [0x00000000eb280000,0x00000000eb338000,0x00000000eb480000)
  to   space 1024K, 0% used [0x00000000eb500000,0x00000000eb500000,0x00000000eb600000)
 ParOldGen       total 238080K, used 201519K [0x00000000c0000000, 0x00000000ce880000, 0x00000000eab00000)
  object space 238080K, 84% used [0x00000000c0000000,0x00000000cc4cbdc8,0x00000000ce880000)
 Metaspace       used 71117K, committed 72512K, reserved 1114112K
  class space    used 8558K, committed 9216K, reserved 1048576K
}

