# JRE version: Java(TM) SE Runtime Environment (17.0.9+11) (build 17.0.9+11-LTS-201)
# Java VM: Java HotSpot(TM) 64-Bit Server VM (17.0.9+11-LTS-201, mixed mode, sharing, tiered, compressed oops, compressed class ptrs, g1 gc, windows-amd64)
GC Precious Log:
 CPUs: 12 total, 12 available
 Memory: 5996M
 Large Page Support: Disabled
 NUMA Support: Disabled
 Compressed Oops: Enabled (Zero based)
 Heap Region Size: 2M
 Heap Min Capacity: 8M
 Heap Initial Capacity: 94M
 Heap Max Capacity: 4G
 Pre-touch: Disabled
 Parallel Workers: 10
 Concurrent Workers: 3
 Concurrent Refinement Workers: 10
 Periodic GC: Disabled
Heap:
 garbage-first heap   total 282624K, used 124765K [0x0000000700000000, 0x0000000800000000)
  region size 2048K, 11 young (22528K), 4 survivors (8192K)
 Metaspace       used 93314K, committed 94272K, reserved 1179648K
  class space    used 12574K, committed 12992K, reserved 1048576K
GC Heap History (20 events):
Event: 26.277 GC heap before
{Heap before GC invocations=20 (full 0):
 garbage-first heap   total 122880K, used 96444K [0x0000000700000000, 0x0000000800000000)
  region size 2048K, 14 young (28672K), 1 survivors (2048K)
 Metaspace       used 65351K, committed 65984K, reserved 1114112K
  class space    used 9028K, committed 9344K, reserved 1048576K
}
Event: 26.280 GC heap after
{Heap after GC invocations=21 (full 0):
 garbage-first heap   total 122880K, used 71107K [0x0000000700000000, 0x0000000800000000)
  region size 2048K, 2 young (4096K), 2 survivors (4096K)
 Metaspace       used 65351K, committed 65984K, reserved 1114112K
  class space    used 9028K, committed 9344K, reserved 1048576K
}
Event: 27.274 GC heap before
{Heap before GC invocations=22 (full 0):
 garbage-first heap   total 126976K, used 95683K [0x0000000700000000, 0x0000000800000000)
  region size 2048K, 14 young (28672K), 2 survivors (4096K)
 Metaspace       used 67219K, committed 67840K, reserved 1114112K
  class space    used 9256K, committed 9536K, reserved 1048576K
}
Event: 27.313 GC heap after
{Heap after GC invocations=23 (full 0):
 garbage-first heap   total 126976K, used 71744K [0x0000000700000000, 0x0000000800000000)
  region size 2048K, 2 young (4096K), 2 survivors (4096K)
 Metaspace       used 67219K, committed 67840K, reserved 1114112K
  class space    used 9256K, committed 9536K, reserved 1048576K
}
Event: 27.466 GC heap before
{Heap before GC invocations=23 (full 0):
 garbage-first heap   total 126976K, used 73792K [0x0000000700000000, 0x0000000800000000)
  region size 2048K, 3 young (6144K), 2 survivors (4096K)
 Metaspace       used 67680K, committed 68352K, reserved 1114112K
  class space    used 9300K, committed 9600K, reserved 1048576K
}
Event: 27.469 GC heap after
{Heap after GC invocations=24 (full 0):
 garbage-first heap   total 126976K, used 70614K [0x0000000700000000, 0x0000000800000000)
  region size 2048K, 1 young (2048K), 1 survivors (2048K)
 Metaspace       used 67680K, committed 68352K, reserved 1114112K
  class space    used 9300K, committed 9600K, reserved 1048576K
}
Event: 27.891 GC heap before
{Heap before GC invocations=24 (full 0):
 garbage-first heap   total 126976K, used 99286K [0x0000000700000000, 0x0000000800000000)
  region size 2048K, 15 young (30720K), 1 survivors (2048K)
 Metaspace       used 69332K, committed 69888K, reserved 1114112K
  class space    used 9524K, committed 9792K, reserved 1048576K
}
Event: 27.896 GC heap after
{Heap after GC invocations=25 (full 0):
 garbage-first heap   total 126976K, used 71863K [0x0000000700000000, 0x0000000800000000)
  region size 2048K, 1 young (2048K), 1 survivors (2048K)
 Metaspace       used 69332K, committed 69888K, reserved 1114112K
  class space    used 9524K, committed 9792K, reserved 1048576K
}
Event: 28.299 GC heap before
{Heap before GC invocations=26 (full 0):
 garbage-first heap   total 126976K, used 100535K [0x0000000700000000, 0x0000000800000000)
  region size 2048K, 15 young (30720K), 1 survivors (2048K)
 Metaspace       used 69699K, committed 70400K, reserved 1114112K
  class space    used 9590K, committed 9920K, reserved 1048576K
}
Event: 28.303 GC heap after
{Heap after GC invocations=27 (full 0):
 garbage-first heap   total 126976K, used 74293K [0x0000000700000000, 0x0000000800000000)
  region size 2048K, 2 young (4096K), 2 survivors (4096K)
 Metaspace       used 69699K, committed 70400K, reserved 1114112K
  class space    used 9590K, committed 9920K, reserved 1048576K
}
Event: 28.307 GC heap before
{Heap before GC invocations=27 (full 0):
 garbage-first heap   total 126976K, used 76341K [0x0000000700000000, 0x0000000800000000)
  region size 2048K, 3 young (6144K), 2 survivors (4096K)
 Metaspace       used 69699K, committed 70400K, reserved 1114112K
  class space    used 9590K, committed 9920K, reserved 1048576K
}
Event: 28.314 GC heap after
{Heap after GC invocations=28 (full 0):
 garbage-first heap   total 126976K, used 73915K [0x0000000700000000, 0x0000000800000000)
  region size 2048K, 1 young (2048K), 1 survivors (2048K)
 Metaspace       used 69699K, committed 70400K, reserved 1114112K
  class space    used 9590K, committed 9920K, reserved 1048576K
}
Event: 28.645 GC heap before
{Heap before GC invocations=28 (full 0):
 garbage-first heap   total 126976K, used 100539K [0x0000000700000000, 0x0000000800000000)
  region size 2048K, 14 young (28672K), 1 survivors (2048K)
 Metaspace       used 69801K, committed 70464K, reserved 1114112K
  class space    used 9602K, committed 9920K, reserved 1048576K
}
Event: 28.651 GC heap after
{Heap after GC invocations=29 (full 0):
 garbage-first heap   total 282624K, used 75104K [0x0000000700000000, 0x0000000800000000)
  region size 2048K, 1 young (2048K), 1 survivors (2048K)
 Metaspace       used 69801K, committed 70464K, reserved 1114112K
  class space    used 9602K, committed 9920K, reserved 1048576K
}
Event: 31.347 GC heap before
{Heap before GC invocations=29 (full 0):
 garbage-first heap   total 282624K, used 212320K [0x0000000700000000, 0x0000000800000000)
  region size 2048K, 68 young (139264K), 1 survivors (2048K)
 Metaspace       used 77422K, committed 78144K, reserved 1179648K
  class space    used 10802K, committed 11136K, reserved 1048576K
}
Event: 31.365 GC heap after
{Heap after GC invocations=30 (full 0):
 garbage-first heap   total 282624K, used 86216K [0x0000000700000000, 0x0000000800000000)
  region size 2048K, 7 young (14336K), 7 survivors (14336K)
 Metaspace       used 77422K, committed 78144K, reserved 1179648K
  class space    used 10802K, committed 11136K, reserved 1048576K
}
Event: 35.418 GC heap before
{Heap before GC invocations=30 (full 0):
 garbage-first heap   total 282624K, used 213192K [0x0000000700000000, 0x0000000800000000)
  region size 2048K, 69 young (141312K), 7 survivors (14336K)
 Metaspace       used 85178K, committed 86080K, reserved 1179648K
  class space    used 11603K, committed 12032K, reserved 1048576K
}
Event: 35.441 GC heap after
{Heap after GC invocations=31 (full 0):
 garbage-first heap   total 282624K, used 105059K [0x0000000700000000, 0x0000000800000000)
  region size 2048K, 9 young (18432K), 9 survivors (18432K)
 Metaspace       used 85178K, committed 86080K, reserved 1179648K
  class space    used 11603K, committed 12032K, reserved 1048576K
}
Event: 38.720 GC heap before
{Heap before GC invocations=31 (full 0):
 garbage-first heap   total 282624K, used 211555K [0x0000000700000000, 0x0000000800000000)
  region size 2048K, 62 young (126976K), 9 survivors (18432K)
 Metaspace       used 90289K, committed 91264K, reserved 1179648K
  class space    used 12252K, committed 12672K, reserved 1048576K
}
Event: 38.785 GC heap after
{Heap after GC invocations=32 (full 0):
 garbage-first heap   total 282624K, used 112477K [0x0000000700000000, 0x0000000800000000)
  region size 2048K, 4 young (8192K), 4 survivors (8192K)
 Metaspace       used 90289K, committed 91264K, reserved 1179648K
  class space    used 12252K, committed 12672K, reserved 1048576K
}

